27-05-19 12:22 AM Started
27-05-19 12:28 AM WorkspaceJD-Galeria-webapp: JDevOJSP: init
27-05-19 12:28 AM WorkspaceJD-Galeria-webapp: action: init
27-05-19 12:28 AM WorkspaceJD-Galeria-webapp: 9.0.3.0.0 Started
27-05-19 12:28 AM Started
27-05-19 12:28 AM WorkspaceJD-Galeria-webapp: Servlet error
javax.servlet.jsp.JspException: Cannot retrieve mapping for action /inicio
	void org.apache.struts.taglib.html.FormTag.lookup()
		FormTag.java:871
	int org.apache.struts.taglib.html.FormTag.doStartTag()
		FormTag.java:543
	void _inicio._jspService(javax.servlet.http.HttpServletRequest, javax.servlet.http.HttpServletResponse)
		inicio.jsp:14
	void oracle.jsp.runtime.HttpJsp.service(javax.servlet.ServletRequest, javax.servlet.ServletResponse)
		HttpJsp.java:139
	void oracle.jsp.runtimev2.JspPageTable.service(javax.servlet.http.HttpServletRequest, javax.servlet.http.HttpServletResponse, java.lang.String)
		JspPageTable.java:317
	void oracle.jsp.runtimev2.JspServlet.internalService(javax.servlet.http.HttpServletRequest, javax.servlet.http.HttpServletResponse)
		JspServlet.java:465
	void oracle.jsp.runtimev2.JspServlet.service(javax.servlet.http.HttpServletRequest, javax.servlet.http.HttpServletResponse)
		JspServlet.java:379
	void javax.servlet.http.HttpServlet.service(javax.servlet.ServletRequest, javax.servlet.ServletResponse)
		HttpServlet.java:853
	void com.evermind[Oracle9iAS (9.0.3.0.0) Containers for J2EE].server.http.ServletRequestDispatcher.invoke(javax.servlet.ServletRequest, javax.servlet.ServletResponse)
		ServletRequestDispatcher.java:721
	void com.evermind[Oracle9iAS (9.0.3.0.0) Containers for J2EE].server.http.ServletRequestDispatcher.forwardInternal(javax.servlet.ServletRequest, javax.servlet.http.HttpServletResponse)
		ServletRequestDispatcher.java:306
	boolean com.evermind[Oracle9iAS (9.0.3.0.0) Containers for J2EE].server.http.HttpRequestHandler.processRequest(com.evermind[Oracle9iAS (9.0.3.0.0) Containers for J2EE].server.ApplicationServerThread, com.evermind[Oracle9iAS (9.0.3.0.0) Containers for J2EE].server.http.EvermindHttpServletRequest, com.evermind[Oracle9iAS (9.0.3.0.0) Containers for J2EE].server.http.EvermindHttpServletResponse, java.io.InputStream, java.io.OutputStream, boolean)
		HttpRequestHandler.java:767
	void com.evermind[Oracle9iAS (9.0.3.0.0) Containers for J2EE].server.http.HttpRequestHandler.run(java.lang.Thread)
		HttpRequestHandler.java:259
	void com.evermind[Oracle9iAS (9.0.3.0.0) Containers for J2EE].server.http.HttpRequestHandler.run()
		HttpRequestHandler.java:106
	void EDU.oswego.cs.dl.util.concurrent.PooledExecutor$Worker.run()
		PooledExecutor.java:803
	void java.lang.Thread.run()
		Thread.java:484
27-05-19 12:34 AM Started
27-05-19 12:34 AM WorkspaceJD-Galeria-webapp: JDevOJSP: init
27-05-19 12:34 AM WorkspaceJD-Galeria-webapp: action: init
27-05-19 12:34 AM WorkspaceJD-Galeria-webapp: 9.0.3.0.0 Started
27-05-19 12:34 AM WorkspaceJD-Galeria-webapp: Servlet error
javax.servlet.jsp.JspException: Cannot retrieve definition for form bean null
	void org.apache.struts.taglib.html.FormTag.lookup()
		FormTag.java:897
	int org.apache.struts.taglib.html.FormTag.doStartTag()
		FormTag.java:543
	void _inicio._jspService(javax.servlet.http.HttpServletRequest, javax.servlet.http.HttpServletResponse)
		inicio.jsp:15
	void oracle.jsp.runtime.HttpJsp.service(javax.servlet.ServletRequest, javax.servlet.ServletResponse)
		HttpJsp.java:139
	void oracle.jsp.runtimev2.JspPageTable.service(javax.servlet.http.HttpServletRequest, javax.servlet.http.HttpServletResponse, java.lang.String)
		JspPageTable.java:317
	void oracle.jsp.runtimev2.JspServlet.internalService(javax.servlet.http.HttpServletRequest, javax.servlet.http.HttpServletResponse)
		JspServlet.java:465
	void oracle.jsp.runtimev2.JspServlet.service(javax.servlet.http.HttpServletRequest, javax.servlet.http.HttpServletResponse)
		JspServlet.java:379
	void javax.servlet.http.HttpServlet.service(javax.servlet.ServletRequest, javax.servlet.ServletResponse)
		HttpServlet.java:853
	void com.evermind[Oracle9iAS (9.0.3.0.0) Containers for J2EE].server.http.ServletRequestDispatcher.invoke(javax.servlet.ServletRequest, javax.servlet.ServletResponse)
		ServletRequestDispatcher.java:721
	void com.evermind[Oracle9iAS (9.0.3.0.0) Containers for J2EE].server.http.ServletRequestDispatcher.forwardInternal(javax.servlet.ServletRequest, javax.servlet.http.HttpServletResponse)
		ServletRequestDispatcher.java:306
	boolean com.evermind[Oracle9iAS (9.0.3.0.0) Containers for J2EE].server.http.HttpRequestHandler.processRequest(com.evermind[Oracle9iAS (9.0.3.0.0) Containers for J2EE].server.ApplicationServerThread, com.evermind[Oracle9iAS (9.0.3.0.0) Containers for J2EE].server.http.EvermindHttpServletRequest, com.evermind[Oracle9iAS (9.0.3.0.0) Containers for J2EE].server.http.EvermindHttpServletResponse, java.io.InputStream, java.io.OutputStream, boolean)
		HttpRequestHandler.java:767
	void com.evermind[Oracle9iAS (9.0.3.0.0) Containers for J2EE].server.http.HttpRequestHandler.run(java.lang.Thread)
		HttpRequestHandler.java:259
	void com.evermind[Oracle9iAS (9.0.3.0.0) Containers for J2EE].server.http.HttpRequestHandler.run()
		HttpRequestHandler.java:106
	void EDU.oswego.cs.dl.util.concurrent.PooledExecutor$Worker.run()
		PooledExecutor.java:803
	void java.lang.Thread.run()
		Thread.java:484
27-05-19 12:34 AM WorkspaceJD-Galeria-webapp: 9.0.3.0.0 Stopped
27-05-19 12:34 AM Started
27-05-19 12:34 AM WorkspaceJD-Galeria-webapp: JDevOJSP: init
27-05-19 12:34 AM WorkspaceJD-Galeria-webapp: action: init
27-05-19 12:34 AM WorkspaceJD-Galeria-webapp: 9.0.3.0.0 Started
27-05-19 12:34 AM WorkspaceJD-Galeria-webapp: Servlet error
javax.servlet.jsp.JspException: Cannot retrieve mapping for action /
	void org.apache.struts.taglib.html.FormTag.lookup()
		FormTag.java:871
	int org.apache.struts.taglib.html.FormTag.doStartTag()
		FormTag.java:543
	void _inicio._jspService(javax.servlet.http.HttpServletRequest, javax.servlet.http.HttpServletResponse)
		inicio.jsp:15
	void oracle.jsp.runtime.HttpJsp.service(javax.servlet.ServletRequest, javax.servlet.ServletResponse)
		HttpJsp.java:139
	void oracle.jsp.runtimev2.JspPageTable.service(javax.servlet.http.HttpServletRequest, javax.servlet.http.HttpServletResponse, java.lang.String)
		JspPageTable.java:317
	void oracle.jsp.runtimev2.JspServlet.internalService(javax.servlet.http.HttpServletRequest, javax.servlet.http.HttpServletResponse)
		JspServlet.java:465
	void oracle.jsp.runtimev2.JspServlet.service(javax.servlet.http.HttpServletRequest, javax.servlet.http.HttpServletResponse)
		JspServlet.java:379
	void javax.servlet.http.HttpServlet.service(javax.servlet.ServletRequest, javax.servlet.ServletResponse)
		HttpServlet.java:853
	void com.evermind[Oracle9iAS (9.0.3.0.0) Containers for J2EE].server.http.ServletRequestDispatcher.invoke(javax.servlet.ServletRequest, javax.servlet.ServletResponse)
		ServletRequestDispatcher.java:721
	void com.evermind[Oracle9iAS (9.0.3.0.0) Containers for J2EE].server.http.ServletRequestDispatcher.forwardInternal(javax.servlet.ServletRequest, javax.servlet.http.HttpServletResponse)
		ServletRequestDispatcher.java:306
	boolean com.evermind[Oracle9iAS (9.0.3.0.0) Containers for J2EE].server.http.HttpRequestHandler.processRequest(com.evermind[Oracle9iAS (9.0.3.0.0) Containers for J2EE].server.ApplicationServerThread, com.evermind[Oracle9iAS (9.0.3.0.0) Containers for J2EE].server.http.EvermindHttpServletRequest, com.evermind[Oracle9iAS (9.0.3.0.0) Containers for J2EE].server.http.EvermindHttpServletResponse, java.io.InputStream, java.io.OutputStream, boolean)
		HttpRequestHandler.java:767
	void com.evermind[Oracle9iAS (9.0.3.0.0) Containers for J2EE].server.http.HttpRequestHandler.run(java.lang.Thread)
		HttpRequestHandler.java:259
	void com.evermind[Oracle9iAS (9.0.3.0.0) Containers for J2EE].server.http.HttpRequestHandler.run()
		HttpRequestHandler.java:106
	void EDU.oswego.cs.dl.util.concurrent.PooledExecutor$Worker.run()
		PooledExecutor.java:803
	void java.lang.Thread.run()
		Thread.java:484
27-05-19 12:35 AM WorkspaceJD-Galeria-webapp: 9.0.3.0.0 Stopped
27-05-19 12:35 AM Started
27-05-19 12:35 AM WorkspaceJD-Galeria-webapp: JDevOJSP: init
27-05-19 12:35 AM WorkspaceJD-Galeria-webapp: action: init
27-05-19 12:35 AM WorkspaceJD-Galeria-webapp: 9.0.3.0.0 Started
27-05-19 12:35 AM WorkspaceJD-Galeria-webapp: 9.0.3.0.0 Stopped
27-05-19 12:35 AM Started
27-05-19 12:35 AM WorkspaceJD-Galeria-webapp: JDevOJSP: init
27-05-19 12:35 AM WorkspaceJD-Galeria-webapp: action: init
27-05-19 12:35 AM WorkspaceJD-Galeria-webapp: 9.0.3.0.0 Started
27-05-19 12:36 AM WorkspaceJD-Galeria-webapp: 9.0.3.0.0 Stopped
27-05-19 12:36 AM Started
